<?xml version="1.0" encoding="UTF-8"?>
<robot generator="Robot 7.4.2 (Python 3.13.3 on win32)" generated="2026-03-24T10:35:53.078705" rpa="false" schemaversion="5">
<suite id="s1" name="Browser Demo" source="C:\Users\reett\Documents\webkehitys_m\browser_demo.robot">
<test id="s1-t1" name="Test Web Form" line="6">
<kw name="New Browser" owner="Browser">
<msg time="2026-03-24T10:35:54.306887" level="INFO">{"browser": "chromium", "headless": false, "chromiumSandbox": false, "devtools": false, "handleSIGHUP": true, "handleSIGINT": true, "handleSIGTERM": true, "slowMo": 0.0, "timeout": 30000.0, "tracesDir": "C:\\Users\\reett\\Documents\\webkehitys_m\\browser\\traces\\temp\\ecab5881-3f56-48ff-b5bb-8492c07b077c"}</msg>
<msg time="2026-03-24T10:35:54.369946" level="INFO">Starting Browser process C:\Users\reett\Documents\webkehitys_m\.venv\Lib\site-packages\Browser\wrapper\index.js using at 127.0.0.1:49441</msg>
<msg time="2026-03-24T10:35:58.681155" level="INFO">Successfully created browser with options: {"browser":"chromium","headless":false,"chromiumSandbox":false,"devtools":false,"handleSIGHUP":true,"handleSIGINT":true,"handleSIGTERM":true,"slowMo":0,"timeout":30000,"tracesDir":"C:\\Users\\reett\\Documents\\webkehitys_m\\browser\\traces\\temp\\ecab5881-3f56-48ff-b5bb-8492c07b077c"}</msg>
<arg>chromium</arg>
<arg>headless=No</arg>
<tag>BrowserControl</tag>
<tag>Setter</tag>
<doc>Create a new playwright Browser with specified options.</doc>
<status status="PASS" start="2026-03-24T10:35:54.305104" elapsed="4.376543"/>
</kw>
<kw name="New Page" owner="Browser">
<msg time="2026-03-24T10:35:59.530729" level="INFO">Successfully initialized new page object and opened url: https://www.selenium.dev/selenium/web/web-form.html</msg>
<msg time="2026-03-24T10:35:59.530902" level="INFO">No context was open. New context was automatically opened when this page is created.</msg>
<arg>https://www.selenium.dev/selenium/web/web-form.html</arg>
<tag>BrowserControl</tag>
<tag>Setter</tag>
<doc>Open a new Page.</doc>
<status status="PASS" start="2026-03-24T10:35:58.684929" elapsed="0.846405"/>
</kw>
<kw name="Get Title" owner="Browser">
<msg time="2026-03-24T10:35:59.562375" level="INFO">Title: 'Web form'</msg>
<arg>==</arg>
<arg>Web form</arg>
<tag>Assertion</tag>
<tag>Getter</tag>
<tag>PageContent</tag>
<doc>Returns the title of the current page.</doc>
<status status="PASS" start="2026-03-24T10:35:59.532646" elapsed="0.030260"/>
</kw>
<kw name="Type Text" owner="Browser">
<msg time="2026-03-24T10:35:59.567519" level="INFO">Types the text 'somebody@example.com' in the given field.</msg>
<arg>[name="my-text"]</arg>
<arg>${Username}</arg>
<arg>delay=0.1 s</arg>
<tag>PageContent</tag>
<tag>Setter</tag>
<doc>Types the given ``txt`` into the text field found by ``selector``.</doc>
<status status="PASS" start="2026-03-24T10:35:59.564840" elapsed="2.495777"/>
</kw>
<kw name="Type Secret" owner="Browser">
<arg>[name="my-password"]</arg>
<arg>$Password</arg>
<arg>delay=0.1 s</arg>
<tag>PageContent</tag>
<tag>Setter</tag>
<doc>Types the given secret from ``variable_name`` into the text field
found by ``selector``.</doc>
<status status="PASS" start="2026-03-24T10:36:02.062412" elapsed="1.453823"/>
</kw>
<kw name="Type Text" owner="Browser">
<msg time="2026-03-24T10:36:03.518957" level="INFO">Types the text 'Hello, Robot Framework!
How are you today?' in the given field.</msg>
<arg>[name="my-textarea"]</arg>
<arg>${Message}</arg>
<arg>delay=0.1 s</arg>
<tag>PageContent</tag>
<tag>Setter</tag>
<doc>Types the given ``txt`` into the text field found by ``selector``.</doc>
<status status="PASS" start="2026-03-24T10:36:03.517054" elapsed="4.788569"/>
</kw>
<kw name="Click With Options" owner="Browser">
<msg time="2026-03-24T10:36:08.308829" level="INFO">Clicks the element 'button'.</msg>
<arg>button</arg>
<arg>delay=2 s</arg>
<tag>PageContent</tag>
<tag>Setter</tag>
<doc>Simulates mouse click on the element found by ``selector``.</doc>
<status status="PASS" start="2026-03-24T10:36:08.306617" elapsed="2.131689"/>
</kw>
<kw name="Get Text" owner="Browser">
<msg time="2026-03-24T10:36:10.645348" level="INFO">Text: 'Received!'</msg>
<arg>id=message</arg>
<arg>==</arg>
<arg>Received!</arg>
<tag>Assertion</tag>
<tag>Getter</tag>
<tag>PageContent</tag>
<doc>Returns text attribute of the element found by ``selector``.</doc>
<status status="PASS" start="2026-03-24T10:36:10.440470" elapsed="0.205287"/>
</kw>
<status status="PASS" start="2026-03-24T10:35:54.302957" elapsed="16.344419"/>
</test>
<status status="PASS" start="2026-03-24T10:35:53.082920" elapsed="17.579452"/>
</suite>
<statistics>
<total>
<stat pass="1" fail="0" skip="0">All Tests</stat>
</total>
<tag>
</tag>
<suite>
<stat name="Browser Demo" id="s1" pass="1" fail="0" skip="0">Browser Demo</stat>
</suite>
</statistics>
<errors>
</errors>
</robot>
